10:54:24 INFO  : Processing command line option -hwspec C:/Xilinx_Project_Vivado/INTER/INTER.sdk/design_1_wrapper.hdf.
17:18:47 INFO  : FPGA configured successfully with bitstream "C:/Xilinx_Project_Vivado/INTER/INTER.sdk/design_1_wrapper_hw_platform_0/design_1_wrapper.bit"
17:19:10 INFO  : ps7_init is completed.
17:19:10 INFO  : ps7_post_config is completed.
17:19:10 INFO  : Processor reset is completed for ps7_cortexa9_0
17:24:25 INFO  : FPGA configured successfully with bitstream "C:/Xilinx_Project_Vivado/INTER/INTER.sdk/design_1_wrapper_hw_platform_0/design_1_wrapper.bit"
17:24:38 INFO  : ps7_init is completed.
17:24:38 INFO  : ps7_post_config is completed.
17:24:39 INFO  : Processor reset is completed for ps7_cortexa9_0
17:25:32 INFO  : FPGA configured successfully with bitstream "C:/Xilinx_Project_Vivado/INTER/INTER.sdk/design_1_wrapper_hw_platform_0/design_1_wrapper.bit"
17:25:42 INFO  : ps7_init is completed.
17:25:42 INFO  : ps7_post_config is completed.
17:25:43 INFO  : Processor reset is completed for ps7_cortexa9_0
17:29:37 INFO  : Processor reset is completed for ps7_cortexa9_0
17:30:21 INFO  : FPGA configured successfully with bitstream "C:/Xilinx_Project_Vivado/INTER/INTER.sdk/design_1_wrapper_hw_platform_0/design_1_wrapper.bit"
17:30:32 INFO  : ps7_init is completed.
17:30:32 INFO  : ps7_post_config is completed.
17:30:32 INFO  : Processor reset is completed for ps7_cortexa9_0
17:43:37 INFO  : FPGA configured successfully with bitstream "C:/Xilinx_Project_Vivado/INTER/INTER.sdk/design_1_wrapper_hw_platform_0/design_1_wrapper.bit"
17:43:51 INFO  : ps7_init is completed.
17:43:51 INFO  : ps7_post_config is completed.
17:43:52 INFO  : Processor reset is completed for ps7_cortexa9_0
17:45:26 INFO  : ps7_cortexa9_0 Processor is in use. Please stop existing Run or Debug sessions before launching.
17:45:29 INFO  : Processor reset is completed for ps7_cortexa9_0
17:47:44 INFO  : ps7_cortexa9_0 Processor is in use. Please stop existing Run or Debug sessions before launching.
17:47:46 INFO  : Processor reset is completed for ps7_cortexa9_0
16:47:39 ERROR : Unexpected error while parsing XMD response ?: com.google.gson.JsonSyntaxException: com.google.gson.stream.MalformedJsonException: invalid number or unquoted string near 
